<html>
<head>
<title>TestNG:  Default test</title>
<link href="../testng.css" rel="stylesheet" type="text/css" />
<link href="../my-testng.css" rel="stylesheet" type="text/css" />

<style type="text/css">
.log { display: none;} 
.stack-trace { display: none;} 
</style>
<script type="text/javascript">
<!--
function flip(e) {
  current = e.style.display;
  if (current == 'block') {
    e.style.display = 'none';
    return 0;
  }
  else {
    e.style.display = 'block';
    return 1;
  }
}

function toggleBox(szDivId, elem, msg1, msg2)
{
  var res = -1;  if (document.getElementById) {
    res = flip(document.getElementById(szDivId));
  }
  else if (document.all) {
    // this is the way old msie versions work
    res = flip(document.all[szDivId]);
  }
  if(elem) {
    if(res == 0) elem.innerHTML = msg1; else elem.innerHTML = msg2;
  }

}

function toggleAllBoxes() {
  if (document.getElementsByTagName) {
    d = document.getElementsByTagName('div');
    for (i = 0; i < d.length; i++) {
      if (d[i].className == 'log') {
        flip(d[i]);
      }
    }
  }
}

// -->
</script>

</head>
<body>
<h2 align='center'>Default test</h2><table border='1' align="center">
<tr>
<td>Tests passed/Failed/Skipped:</td><td>0/1/0</td>
</tr><tr>
<td>Started on:</td><td>Mon May 09 17:02:21 IST 2022</td>
</tr>
<tr><td>Total time:</td><td>97 seconds (97628 ms)</td>
</tr><tr>
<td>Included groups:</td><td></td>
</tr><tr>
<td>Excluded groups:</td><td></td>
</tr>
</table><p/>
<small><i>(Hover the method name to see the test class name)</i></small><p/>
<table width='100%' border='1' class='invocation-failed'>
<tr><td colspan='4' align='center'><b>FAILED TESTS</b></td></tr>
<tr><td><b>Test method</b></td>
<td width="30%"><b>Exception</b></td>
<td width="10%"><b>Time (seconds)</b></td>
<td><b>Instance</b></td>
</tr>
<tr>
<td title='com.supplycopia.bulkupload.dataattribute.ProductPricesValidationErrorCurrectToFly.ProductPriceValidationErrorCurrectToFlyTest()'><b>ProductPriceValidationErrorCurrectToFlyTest</b><br>Test class: com.supplycopia.bulkupload.dataattribute.ProductPricesValidationErrorCurrectToFly<br/>
<a href="#Output-208184824" onClick='toggleBox("Output-208184824", this, "Show output", "Hide output");'>Show output</a>

<a href="#Output-208184824" onClick="toggleAllBoxes();">Show all outputs</a>
<div class='log' id="Output-208184824">
checking if driver exist<br/>
Getting driver <br/>
Getting driver <br/>
Getting driver <br/>
Setting driver<br/>
C:\Soft\New program\Workbench\sc-qa-taf-workbench\Reports\09May_170222\ProductPriceValidationErrorCurrectToFlyTest_chrome\ProductPriceValidationErrorCurrectToFlyTest_chrome_129_May_170231.jpg<br/>
<a href=C:\Soft\New program\Workbench\sc-qa-taf-workbench\Reports\09May_170222\ProductPriceValidationErrorCurrectToFlyTest_chrome\ProductPriceValidationErrorCurrectToFlyTest_chrome_129_May_170231.jpg alt='alternative text'>Step</a><br/>
Getting driver <br/>
C:\Soft\New program\Workbench\sc-qa-taf-workbench\Reports\09May_170222\ProductPriceValidationErrorCurrectToFlyTest_chrome\ProductPriceValidationErrorCurrectToFlyTest_chrome_129_May_170231.jpg<br/>
<a href=C:\Soft\New program\Workbench\sc-qa-taf-workbench\Reports\09May_170222\ProductPriceValidationErrorCurrectToFlyTest_chrome\ProductPriceValidationErrorCurrectToFlyTest_chrome_129_May_170231.jpg alt='alternative text'>Step</a><br/>
Launching driver<br/>
C:\Soft\New program\Workbench\sc-qa-taf-workbench\Reports\09May_170222\ProductPriceValidationErrorCurrectToFlyTest_chrome\ProductPriceValidationErrorCurrectToFlyTest_chrome_129_May_170231.jpg<br/>
<a href=C:\Soft\New program\Workbench\sc-qa-taf-workbench\Reports\09May_170222\ProductPriceValidationErrorCurrectToFlyTest_chrome\ProductPriceValidationErrorCurrectToFlyTest_chrome_129_May_170231.jpg alt='alternative text'>Step</a><br/>
Executing; ui_launch<br/>
Element [[ChromeDriver: chrome on WINDOWS (09d71710413b98cb6141b543b7cdf792)] -> name: userId]is displayed on screen<br/>
Setting value on element USER_NAME<br/>
C:\Soft\New program\Workbench\sc-qa-taf-workbench\Reports\09May_170222\ProductPriceValidationErrorCurrectToFlyTest_chrome\ProductPriceValidationErrorCurrectToFlyTest_chrome_129_May_170241.jpg<br/>
<a href=C:\Soft\New program\Workbench\sc-qa-taf-workbench\Reports\09May_170222\ProductPriceValidationErrorCurrectToFlyTest_chrome\ProductPriceValidationErrorCurrectToFlyTest_chrome_129_May_170241.jpg alt='alternative text'>Step</a><br/>
Element [[ChromeDriver: chrome on WINDOWS (09d71710413b98cb6141b543b7cdf792)] -> name: password]is displayed on screen<br/>
Setting value on element PASSWORD<br/>
C:\Soft\New program\Workbench\sc-qa-taf-workbench\Reports\09May_170222\ProductPriceValidationErrorCurrectToFlyTest_chrome\ProductPriceValidationErrorCurrectToFlyTest_chrome_129_May_170241.jpg<br/>
<a href=C:\Soft\New program\Workbench\sc-qa-taf-workbench\Reports\09May_170222\ProductPriceValidationErrorCurrectToFlyTest_chrome\ProductPriceValidationErrorCurrectToFlyTest_chrome_129_May_170241.jpg alt='alternative text'>Step</a><br/>
Element [[ChromeDriver: chrome on WINDOWS (09d71710413b98cb6141b543b7cdf792)] -> xpath: //button[@type="submit" and contains(.,'Next')]]is displayed on screen<br/>
Clicking on element LOGIN_BTN<br/>
C:\Soft\New program\Workbench\sc-qa-taf-workbench\Reports\09May_170222\ProductPriceValidationErrorCurrectToFlyTest_chrome\ProductPriceValidationErrorCurrectToFlyTest_chrome_129_May_170242.jpg<br/>
<a href=C:\Soft\New program\Workbench\sc-qa-taf-workbench\Reports\09May_170222\ProductPriceValidationErrorCurrectToFlyTest_chrome\ProductPriceValidationErrorCurrectToFlyTest_chrome_129_May_170242.jpg alt='alternative text'>Step</a><br/>
Getting driver <br/>
C:\Soft\New program\Workbench\sc-qa-taf-workbench\Reports\09May_170222\ProductPriceValidationErrorCurrectToFlyTest_chrome\ProductPriceValidationErrorCurrectToFlyTest_chrome_129_May_170242.jpg<br/>
<a href=C:\Soft\New program\Workbench\sc-qa-taf-workbench\Reports\09May_170222\ProductPriceValidationErrorCurrectToFlyTest_chrome\ProductPriceValidationErrorCurrectToFlyTest_chrome_129_May_170242.jpg alt='alternative text'>Step</a><br/>
checking if driver exist<br/>
C:\Soft\New program\Workbench\sc-qa-taf-workbench\Reports\09May_170222\ProductPriceValidationErrorCurrectToFlyTest_chrome\ProductPriceValidationErrorCurrectToFlyTest_chrome_129_May_170242.jpg<br/>
<a href=C:\Soft\New program\Workbench\sc-qa-taf-workbench\Reports\09May_170222\ProductPriceValidationErrorCurrectToFlyTest_chrome\ProductPriceValidationErrorCurrectToFlyTest_chrome_129_May_170242.jpg alt='alternative text'>Step</a><br/>
Getting driver <br/>
C:\Soft\New program\Workbench\sc-qa-taf-workbench\Reports\09May_170222\ProductPriceValidationErrorCurrectToFlyTest_chrome\ProductPriceValidationErrorCurrectToFlyTest_chrome_129_May_170243.jpg<br/>
<a href=C:\Soft\New program\Workbench\sc-qa-taf-workbench\Reports\09May_170222\ProductPriceValidationErrorCurrectToFlyTest_chrome\ProductPriceValidationErrorCurrectToFlyTest_chrome_129_May_170243.jpg alt='alternative text'>Step</a><br/>
Getting driver <br/>
C:\Soft\New program\Workbench\sc-qa-taf-workbench\Reports\09May_170222\ProductPriceValidationErrorCurrectToFlyTest_chrome\ProductPriceValidationErrorCurrectToFlyTest_chrome_129_May_170243.jpg<br/>
<a href=C:\Soft\New program\Workbench\sc-qa-taf-workbench\Reports\09May_170222\ProductPriceValidationErrorCurrectToFlyTest_chrome\ProductPriceValidationErrorCurrectToFlyTest_chrome_129_May_170243.jpg alt='alternative text'>Step</a><br/>
Element [[ChromeDriver: chrome on WINDOWS (09d71710413b98cb6141b543b7cdf792)] -> xpath: //div[@class='greet-text' and text()=' Welcome Back! ']]is displayed on screen<br/>
Element is present [[ChromeDriver: chrome on WINDOWS (09d71710413b98cb6141b543b7cdf792)] -> xpath: //div[@class='greet-text' and text()=' Welcome Back! ']]<br/>
C:\Soft\New program\Workbench\sc-qa-taf-workbench\Reports\09May_170222\ProductPriceValidationErrorCurrectToFlyTest_chrome\ProductPriceValidationErrorCurrectToFlyTest_chrome_129_May_170244.jpg<br/>
<a href=C:\Soft\New program\Workbench\sc-qa-taf-workbench\Reports\09May_170222\ProductPriceValidationErrorCurrectToFlyTest_chrome\ProductPriceValidationErrorCurrectToFlyTest_chrome_129_May_170244.jpg alt='alternative text'>Step</a><br/>
Element [[ChromeDriver: chrome on WINDOWS (09d71710413b98cb6141b543b7cdf792)] -> xpath: //p[text()='Procedure Cards']]is displayed on screen<br/>
Element is present [[ChromeDriver: chrome on WINDOWS (09d71710413b98cb6141b543b7cdf792)] -> xpath: //p[text()='Procedure Cards']]<br/>
C:\Soft\New program\Workbench\sc-qa-taf-workbench\Reports\09May_170222\ProductPriceValidationErrorCurrectToFlyTest_chrome\ProductPriceValidationErrorCurrectToFlyTest_chrome_129_May_170246.jpg<br/>
<a href=C:\Soft\New program\Workbench\sc-qa-taf-workbench\Reports\09May_170222\ProductPriceValidationErrorCurrectToFlyTest_chrome\ProductPriceValidationErrorCurrectToFlyTest_chrome_129_May_170246.jpg alt='alternative text'>Step</a><br/>
Element [[ChromeDriver: chrome on WINDOWS (09d71710413b98cb6141b543b7cdf792)] -> xpath: //p[text()='VIM-Workbench']/../../../div/p[contains(text(),'Start Using')]]is displayed on screen<br/>
Element is present [[ChromeDriver: chrome on WINDOWS (09d71710413b98cb6141b543b7cdf792)] -> xpath: //p[text()='VIM-Workbench']/../../../div/p[contains(text(),'Start Using')]]<br/>
C:\Soft\New program\Workbench\sc-qa-taf-workbench\Reports\09May_170222\ProductPriceValidationErrorCurrectToFlyTest_chrome\ProductPriceValidationErrorCurrectToFlyTest_chrome_129_May_170246.jpg<br/>
<a href=C:\Soft\New program\Workbench\sc-qa-taf-workbench\Reports\09May_170222\ProductPriceValidationErrorCurrectToFlyTest_chrome\ProductPriceValidationErrorCurrectToFlyTest_chrome_129_May_170246.jpg alt='alternative text'>Step</a><br/>
Successful navigation is validated for LaunchPad<br/>
Element [[ChromeDriver: chrome on WINDOWS (09d71710413b98cb6141b543b7cdf792)] -> xpath: //p[text()='VIM-Workbench']/../../../div/p[contains(text(),'Start Using')]]is displayed on screen<br/>
Clicking on element Procedure button<br/>
C:\Soft\New program\Workbench\sc-qa-taf-workbench\Reports\09May_170222\ProductPriceValidationErrorCurrectToFlyTest_chrome\ProductPriceValidationErrorCurrectToFlyTest_chrome_129_May_170246.jpg<br/>
<a href=C:\Soft\New program\Workbench\sc-qa-taf-workbench\Reports\09May_170222\ProductPriceValidationErrorCurrectToFlyTest_chrome\ProductPriceValidationErrorCurrectToFlyTest_chrome_129_May_170246.jpg alt='alternative text'>Step</a><br/>
Navigating to Preference card<br/>
Getting driver <br/>
C:\Soft\New program\Workbench\sc-qa-taf-workbench\Reports\09May_170222\ProductPriceValidationErrorCurrectToFlyTest_chrome\ProductPriceValidationErrorCurrectToFlyTest_chrome_129_May_170246.jpg<br/>
<a href=C:\Soft\New program\Workbench\sc-qa-taf-workbench\Reports\09May_170222\ProductPriceValidationErrorCurrectToFlyTest_chrome\ProductPriceValidationErrorCurrectToFlyTest_chrome_129_May_170246.jpg alt='alternative text'>Step</a><br/>
checking if driver exist<br/>
C:\Soft\New program\Workbench\sc-qa-taf-workbench\Reports\09May_170222\ProductPriceValidationErrorCurrectToFlyTest_chrome\ProductPriceValidationErrorCurrectToFlyTest_chrome_129_May_170247.jpg<br/>
<a href=C:\Soft\New program\Workbench\sc-qa-taf-workbench\Reports\09May_170222\ProductPriceValidationErrorCurrectToFlyTest_chrome\ProductPriceValidationErrorCurrectToFlyTest_chrome_129_May_170247.jpg alt='alternative text'>Step</a><br/>
Getting driver <br/>
C:\Soft\New program\Workbench\sc-qa-taf-workbench\Reports\09May_170222\ProductPriceValidationErrorCurrectToFlyTest_chrome\ProductPriceValidationErrorCurrectToFlyTest_chrome_129_May_170247.jpg<br/>
<a href=C:\Soft\New program\Workbench\sc-qa-taf-workbench\Reports\09May_170222\ProductPriceValidationErrorCurrectToFlyTest_chrome\ProductPriceValidationErrorCurrectToFlyTest_chrome_129_May_170247.jpg alt='alternative text'>Step</a><br/>
Getting driver <br/>
C:\Soft\New program\Workbench\sc-qa-taf-workbench\Reports\09May_170222\ProductPriceValidationErrorCurrectToFlyTest_chrome\ProductPriceValidationErrorCurrectToFlyTest_chrome_129_May_170247.jpg<br/>
<a href=C:\Soft\New program\Workbench\sc-qa-taf-workbench\Reports\09May_170222\ProductPriceValidationErrorCurrectToFlyTest_chrome\ProductPriceValidationErrorCurrectToFlyTest_chrome_129_May_170247.jpg alt='alternative text'>Step</a><br/>
Element [[ChromeDriver: chrome on WINDOWS (09d71710413b98cb6141b543b7cdf792)] -> xpath: //app-workbench-your-apps//div[text()='Your Workbench Apps']]is displayed on screen<br/>
Element is present [[ChromeDriver: chrome on WINDOWS (09d71710413b98cb6141b543b7cdf792)] -> xpath: //app-workbench-your-apps//div[text()='Your Workbench Apps']]<br/>
C:\Soft\New program\Workbench\sc-qa-taf-workbench\Reports\09May_170222\ProductPriceValidationErrorCurrectToFlyTest_chrome\ProductPriceValidationErrorCurrectToFlyTest_chrome_129_May_170248.jpg<br/>
<a href=C:\Soft\New program\Workbench\sc-qa-taf-workbench\Reports\09May_170222\ProductPriceValidationErrorCurrectToFlyTest_chrome\ProductPriceValidationErrorCurrectToFlyTest_chrome_129_May_170248.jpg alt='alternative text'>Step</a><br/>
Element [[ChromeDriver: chrome on WINDOWS (09d71710413b98cb6141b543b7cdf792)] -> xpath: //div[text()='Bulk Upload']/../..//div[@class='arrow arrow-right']]is displayed on screen<br/>
Element is present [[ChromeDriver: chrome on WINDOWS (09d71710413b98cb6141b543b7cdf792)] -> xpath: //div[text()='Bulk Upload']/../..//div[@class='arrow arrow-right']]<br/>
C:\Soft\New program\Workbench\sc-qa-taf-workbench\Reports\09May_170222\ProductPriceValidationErrorCurrectToFlyTest_chrome\ProductPriceValidationErrorCurrectToFlyTest_chrome_129_May_170248.jpg<br/>
<a href=C:\Soft\New program\Workbench\sc-qa-taf-workbench\Reports\09May_170222\ProductPriceValidationErrorCurrectToFlyTest_chrome\ProductPriceValidationErrorCurrectToFlyTest_chrome_129_May_170248.jpg alt='alternative text'>Step</a><br/>
Successful navigation is validated for Workbench<br/>
Element [[ChromeDriver: chrome on WINDOWS (09d71710413b98cb6141b543b7cdf792)] -> xpath: //div[text()='Bulk Upload']/../..//div[@class='arrow arrow-right']]is displayed on screen<br/>
Clicking on element Bulk Upload link<br/>
C:\Soft\New program\Workbench\sc-qa-taf-workbench\Reports\09May_170222\ProductPriceValidationErrorCurrectToFlyTest_chrome\ProductPriceValidationErrorCurrectToFlyTest_chrome_129_May_170248.jpg<br/>
<a href=C:\Soft\New program\Workbench\sc-qa-taf-workbench\Reports\09May_170222\ProductPriceValidationErrorCurrectToFlyTest_chrome\ProductPriceValidationErrorCurrectToFlyTest_chrome_129_May_170248.jpg alt='alternative text'>Step</a><br/>
Navigating to Preference card<br/>
Getting driver <br/>
C:\Soft\New program\Workbench\sc-qa-taf-workbench\Reports\09May_170222\ProductPriceValidationErrorCurrectToFlyTest_chrome\ProductPriceValidationErrorCurrectToFlyTest_chrome_129_May_170249.jpg<br/>
<a href=C:\Soft\New program\Workbench\sc-qa-taf-workbench\Reports\09May_170222\ProductPriceValidationErrorCurrectToFlyTest_chrome\ProductPriceValidationErrorCurrectToFlyTest_chrome_129_May_170249.jpg alt='alternative text'>Step</a><br/>
checking if driver exist<br/>
C:\Soft\New program\Workbench\sc-qa-taf-workbench\Reports\09May_170222\ProductPriceValidationErrorCurrectToFlyTest_chrome\ProductPriceValidationErrorCurrectToFlyTest_chrome_129_May_170249.jpg<br/>
<a href=C:\Soft\New program\Workbench\sc-qa-taf-workbench\Reports\09May_170222\ProductPriceValidationErrorCurrectToFlyTest_chrome\ProductPriceValidationErrorCurrectToFlyTest_chrome_129_May_170249.jpg alt='alternative text'>Step</a><br/>
Getting driver <br/>
C:\Soft\New program\Workbench\sc-qa-taf-workbench\Reports\09May_170222\ProductPriceValidationErrorCurrectToFlyTest_chrome\ProductPriceValidationErrorCurrectToFlyTest_chrome_129_May_170249.jpg<br/>
<a href=C:\Soft\New program\Workbench\sc-qa-taf-workbench\Reports\09May_170222\ProductPriceValidationErrorCurrectToFlyTest_chrome\ProductPriceValidationErrorCurrectToFlyTest_chrome_129_May_170249.jpg alt='alternative text'>Step</a><br/>
Getting driver <br/>
C:\Soft\New program\Workbench\sc-qa-taf-workbench\Reports\09May_170222\ProductPriceValidationErrorCurrectToFlyTest_chrome\ProductPriceValidationErrorCurrectToFlyTest_chrome_129_May_170249.jpg<br/>
<a href=C:\Soft\New program\Workbench\sc-qa-taf-workbench\Reports\09May_170222\ProductPriceValidationErrorCurrectToFlyTest_chrome\ProductPriceValidationErrorCurrectToFlyTest_chrome_129_May_170249.jpg alt='alternative text'>Step</a><br/>
Element [[ChromeDriver: chrome on WINDOWS (09d71710413b98cb6141b543b7cdf792)] -> xpath: //ul[@class='process-step']/li/span[text()='File Upload']]is displayed on screen<br/>
Successful navigation is validated for BulkUpload<br/>
Element [[ChromeDriver: chrome on WINDOWS (09d71710413b98cb6141b543b7cdf792)] -> xpath: //select[@formcontrolname='dataType']]is displayed on screen<br/>
Element [[ChromeDriver: chrome on WINDOWS (09d71710413b98cb6141b543b7cdf792)] -> xpath: //select[@formcontrolname='dataType']]is displayed on screen<br/>
C:\Soft\New program\Workbench\sc-qa-taf-workbench\Reports\09May_170222\ProductPriceValidationErrorCurrectToFlyTest_chrome\ProductPriceValidationErrorCurrectToFlyTest_chrome_129_May_170249.jpg<br/>
<a href=C:\Soft\New program\Workbench\sc-qa-taf-workbench\Reports\09May_170222\ProductPriceValidationErrorCurrectToFlyTest_chrome\ProductPriceValidationErrorCurrectToFlyTest_chrome_129_May_170249.jpg alt='alternative text'>Step</a><br/>
Element [[ChromeDriver: chrome on WINDOWS (09d71710413b98cb6141b543b7cdf792)] -> xpath: //select[@formcontrolname='customSet']]is displayed on screen<br/>
C:\Soft\New program\Workbench\sc-qa-taf-workbench\Reports\09May_170222\ProductPriceValidationErrorCurrectToFlyTest_chrome\ProductPriceValidationErrorCurrectToFlyTest_chrome_129_May_170253.jpg<br/>
<a href=C:\Soft\New program\Workbench\sc-qa-taf-workbench\Reports\09May_170222\ProductPriceValidationErrorCurrectToFlyTest_chrome\ProductPriceValidationErrorCurrectToFlyTest_chrome_129_May_170253.jpg alt='alternative text'>Step</a><br/>
Element [[ChromeDriver: chrome on WINDOWS (09d71710413b98cb6141b543b7cdf792)] -> xpath: //button[text()='Upload']]is displayed on screen<br/>
Clicking on element Upload button<br/>
C:\Soft\New program\Workbench\sc-qa-taf-workbench\Reports\09May_170222\ProductPriceValidationErrorCurrectToFlyTest_chrome\ProductPriceValidationErrorCurrectToFlyTest_chrome_129_May_170253.jpg<br/>
<a href=C:\Soft\New program\Workbench\sc-qa-taf-workbench\Reports\09May_170222\ProductPriceValidationErrorCurrectToFlyTest_chrome\ProductPriceValidationErrorCurrectToFlyTest_chrome_129_May_170253.jpg alt='alternative text'>Step</a><br/>
Element [[ChromeDriver: chrome on WINDOWS (09d71710413b98cb6141b543b7cdf792)] -> xpath: //button/span[text()='Proceed To Upload']]is displayed on screen<br/>
Clicking on element Proceed To Upload button<br/>
C:\Soft\New program\Workbench\sc-qa-taf-workbench\Reports\09May_170222\ProductPriceValidationErrorCurrectToFlyTest_chrome\ProductPriceValidationErrorCurrectToFlyTest_chrome_129_May_170254.jpg<br/>
<a href=C:\Soft\New program\Workbench\sc-qa-taf-workbench\Reports\09May_170222\ProductPriceValidationErrorCurrectToFlyTest_chrome\ProductPriceValidationErrorCurrectToFlyTest_chrome_129_May_170254.jpg alt='alternative text'>Step</a><br/>
Element [[ChromeDriver: chrome on WINDOWS (09d71710413b98cb6141b543b7cdf792)] -> xpath: //div[@class='uploadContent']//button[@class='uploadBtn']]is displayed on screen<br/>
Element [[ChromeDriver: chrome on WINDOWS (09d71710413b98cb6141b543b7cdf792)] -> xpath: //button[@class='importBtn']]is displayed on screen<br/>
Clicking on element Proceed To Upload button<br/>
C:\Soft\New program\Workbench\sc-qa-taf-workbench\Reports\09May_170222\ProductPriceValidationErrorCurrectToFlyTest_chrome\ProductPriceValidationErrorCurrectToFlyTest_chrome_129_May_170256.jpg<br/>
<a href=C:\Soft\New program\Workbench\sc-qa-taf-workbench\Reports\09May_170222\ProductPriceValidationErrorCurrectToFlyTest_chrome\ProductPriceValidationErrorCurrectToFlyTest_chrome_129_May_170256.jpg alt='alternative text'>Step</a><br/>
Element [[ChromeDriver: chrome on WINDOWS (09d71710413b98cb6141b543b7cdf792)] -> xpath: //div[text()='All Done!']]is displayed on screen<br/>
Element [[ChromeDriver: chrome on WINDOWS (09d71710413b98cb6141b543b7cdf792)] -> xpath: //div[@id='cdk-drop-list-1']//span[normalize-space(text())='Product Reference No']/parent::div]is displayed on screen<br/>
Element [[ChromeDriver: chrome on WINDOWS (09d71710413b98cb6141b543b7cdf792)] -> xpath: //div[@id='cdk-drop-list-0']/div[count(//div[@class='drag-scroll']/div[@class='drag-col']/div/span[normalize-space(text())='Product Ref No']/../preceding-sibling::*)+1]]is displayed on screen<br/>
Element [[ChromeDriver: chrome on WINDOWS (09d71710413b98cb6141b543b7cdf792)] -> xpath: //div[@id='cdk-drop-list-1']//span[normalize-space(text())='Account']/parent::div]is displayed on screen<br/>
Element [[ChromeDriver: chrome on WINDOWS (09d71710413b98cb6141b543b7cdf792)] -> xpath: //div[@id='cdk-drop-list-0']/div[count(//div[@class='drag-scroll']/div[@class='drag-col']/div/span[normalize-space(text())='Account']/../preceding-sibling::*)+1]]is displayed on screen<br/>
Element [[ChromeDriver: chrome on WINDOWS (09d71710413b98cb6141b543b7cdf792)] -> xpath: //div[@id='cdk-drop-list-1']//span[normalize-space(text())='Country']/parent::div]is displayed on screen<br/>
Element [[ChromeDriver: chrome on WINDOWS (09d71710413b98cb6141b543b7cdf792)] -> xpath: //div[@id='cdk-drop-list-0']/div[count(//div[@class='drag-scroll']/div[@class='drag-col']/div/span[normalize-space(text())='Country']/../preceding-sibling::*)+1]]is displayed on screen<br/>
Element [[ChromeDriver: chrome on WINDOWS (09d71710413b98cb6141b543b7cdf792)] -> xpath: //div[@id='cdk-drop-list-1']//span[normalize-space(text())='Supplier']/parent::div]is displayed on screen<br/>
Element [[ChromeDriver: chrome on WINDOWS (09d71710413b98cb6141b543b7cdf792)] -> xpath: //div[@id='cdk-drop-list-0']/div[count(//div[@class='drag-scroll']/div[@class='drag-col']/div/span[normalize-space(text())='Supplier']/../preceding-sibling::*)+1]]is displayed on screen<br/>
Element [[ChromeDriver: chrome on WINDOWS (09d71710413b98cb6141b543b7cdf792)] -> xpath: //div[@id='cdk-drop-list-1']//span[normalize-space(text())='Contract id']/parent::div]is displayed on screen<br/>
Element [[ChromeDriver: chrome on WINDOWS (09d71710413b98cb6141b543b7cdf792)] -> xpath: //div[@id='cdk-drop-list-0']/div[count(//div[@class='drag-scroll']/div[@class='drag-col']/div/span[normalize-space(text())='Contract Id']/../preceding-sibling::*)+1]]is displayed on screen<br/>
Element [[ChromeDriver: chrome on WINDOWS (09d71710413b98cb6141b543b7cdf792)] -> xpath: //div[@id='cdk-drop-list-1']//span[normalize-space(text())='Pack Size']/parent::div]is displayed on screen<br/>
Element [[ChromeDriver: chrome on WINDOWS (09d71710413b98cb6141b543b7cdf792)] -> xpath: //div[@id='cdk-drop-list-0']/div[count(//div[@class='drag-scroll']/div[@class='drag-col']/div/span[normalize-space(text())='Pack Size']/../preceding-sibling::*)+1]]is displayed on screen<br/>
Element [[ChromeDriver: chrome on WINDOWS (09d71710413b98cb6141b543b7cdf792)] -> xpath: //div[@id='cdk-drop-list-1']//span[normalize-space(text())='Currency']/parent::div]is displayed on screen<br/>
Element [[ChromeDriver: chrome on WINDOWS (09d71710413b98cb6141b543b7cdf792)] -> xpath: //div[@id='cdk-drop-list-0']/div[count(//div[@class='drag-scroll']/div[@class='drag-col']/div/span[normalize-space(text())='Currency']/../preceding-sibling::*)+1]]is displayed on screen<br/>
Element [[ChromeDriver: chrome on WINDOWS (09d71710413b98cb6141b543b7cdf792)] -> xpath: //div[@id='cdk-drop-list-1']//span[normalize-space(text())='Price per EA']/parent::div]is displayed on screen<br/>
Element [[ChromeDriver: chrome on WINDOWS (09d71710413b98cb6141b543b7cdf792)] -> xpath: //div[@id='cdk-drop-list-0']/div[count(//div[@class='drag-scroll']/div[@class='drag-col']/div/span[normalize-space(text())='Price per EA']/../preceding-sibling::*)+1]]is displayed on screen<br/>
Element [[ChromeDriver: chrome on WINDOWS (09d71710413b98cb6141b543b7cdf792)] -> xpath: //div[@id='cdk-drop-list-1']//span[normalize-space(text())='Price per EA USD']/parent::div]is displayed on screen<br/>
Element [[ChromeDriver: chrome on WINDOWS (09d71710413b98cb6141b543b7cdf792)] -> xpath: //div[@id='cdk-drop-list-0']/div[count(//div[@class='drag-scroll']/div[@class='drag-col']/div/span[normalize-space(text())='Price per EA USD']/../preceding-sibling::*)+1]]is displayed on screen<br/>
Element [[ChromeDriver: chrome on WINDOWS (09d71710413b98cb6141b543b7cdf792)] -> xpath: //div[@id='cdk-drop-list-1']//span[normalize-space(text())='Pack Price']/parent::div]is displayed on screen<br/>
Element [[ChromeDriver: chrome on WINDOWS (09d71710413b98cb6141b543b7cdf792)] -> xpath: //div[@id='cdk-drop-list-0']/div[count(//div[@class='drag-scroll']/div[@class='drag-col']/div/span[normalize-space(text())='Pack Price']/../preceding-sibling::*)+1]]is displayed on screen<br/>
Element [[ChromeDriver: chrome on WINDOWS (09d71710413b98cb6141b543b7cdf792)] -> xpath: //div[@id='cdk-drop-list-1']//span[normalize-space(text())='Pack Price USD']/parent::div]is displayed on screen<br/>
Element [[ChromeDriver: chrome on WINDOWS (09d71710413b98cb6141b543b7cdf792)] -> xpath: //div[@id='cdk-drop-list-0']/div[count(//div[@class='drag-scroll']/div[@class='drag-col']/div/span[normalize-space(text())='Pack Price USD']/../preceding-sibling::*)+1]]is displayed on screen<br/>
Element [[ChromeDriver: chrome on WINDOWS (09d71710413b98cb6141b543b7cdf792)] -> xpath: //button[@class='saveBtn']]is displayed on screen<br/>
Clicking on element proceedToReview&Edit<br/>
C:\Soft\New program\Workbench\sc-qa-taf-workbench\Reports\09May_170222\ProductPriceValidationErrorCurrectToFlyTest_chrome\ProductPriceValidationErrorCurrectToFlyTest_chrome_129_May_170327.jpg<br/>
<a href=C:\Soft\New program\Workbench\sc-qa-taf-workbench\Reports\09May_170222\ProductPriceValidationErrorCurrectToFlyTest_chrome\ProductPriceValidationErrorCurrectToFlyTest_chrome_129_May_170327.jpg alt='alternative text'>Step</a><br/>
####### End of Test Case: ProductPriceValidationErrorCurrectToFlyTest #######<br/>
closing driver<br/>
C:\Soft\New program\Workbench\sc-qa-taf-workbench\Reports\09May_170222\ProductPriceValidationErrorCurrectToFlyTest_chrome\ProductPriceValidationErrorCurrectToFlyTest_chrome_129_May_170358.jpg<br/>
<a href=C:\Soft\New program\Workbench\sc-qa-taf-workbench\Reports\09May_170222\ProductPriceValidationErrorCurrectToFlyTest_chrome\ProductPriceValidationErrorCurrectToFlyTest_chrome_129_May_170358.jpg alt='alternative text'>Step</a><br/>
</div>
</td>
<td><div><pre>org.openqa.selenium.TimeoutException: Expected condition failed: waiting for text (&apos;50 records found&apos;) to be present in element Proxy element for: DefaultElementLocator &apos;By.xpath: //span[@class=&apos;totalCount&apos;]&apos; (tried for 30 second(s) with 500 milliseconds interval)
	at org.openqa.selenium.support.ui.WebDriverWait.timeoutException(WebDriverWait.java:95)
	at org.openqa.selenium.support.ui.FluentWait.until(FluentWait.java:272)
	at com.supplycopia.capabilities.UICapability.ui_isElementContainsText(UICapability.java:523)
	at com.supplycopia.base.Capability.ui_isElementContainsText(Capability.java:439)
	at com.supplycopia.workbench.pages.BulkUpload.checktotalRecordsOnReviewAndEdit(BulkUpload.java:318)
	at com.supplycopia.bulkupload.dataattribute.ProductPricesValidationErrorCurrectToFly.ProductPriceValidationErrorCurrectToFlyTest(ProductPricesValidationErrorCurrectToFly.java:47)
	at java.base/jdk.internal.reflect.NativeMethodAccessorImpl.invoke0(Native Method)
	at java.base/jdk.internal.reflect.NativeMethodAccessorImpl.invoke(NativeMethodAccessorImpl.java:78)
	at java.base/jdk.internal.reflect.DelegatingMethodAccessorImpl.invoke(DelegatingMethodAccessorImpl.java:43)
	at java.base/java.lang.reflect.Method.invoke(Method.java:567)
	at org.testng.internal.MethodInvocationHelper.invokeMethod(MethodInvocationHelper.java:133)
	at org.testng.internal.TestInvoker.invokeMethod(TestInvoker.java:598)
	at org.testng.internal.TestInvoker.invokeTestMethod(TestInvoker.java:173)
	at org.testng.internal.MethodRunner.runInSequence(MethodRunner.java:46)
	at org.testng.internal.TestInvoker$MethodInvocationAgent.invoke(TestInvoker.java:824)
	at org.testng.internal.TestInvoker.invokeTestMethods(TestInvoker.java:146)
	at org.testng.internal.TestMethodWorker.invokeTestMethods(TestMethodWorker.java:146)
	at org.testng.internal.TestMethodWorker.run(TestMethodWorker.java:128)
	at java.base/java.util.ArrayList.forEach(ArrayList.java:1511)
	at org.testng.TestRunner.privateRun(TestRunner.java:794)
	at org.testng.TestRunner.run(TestRunner.java:596)
	at org.testng.SuiteRunner.runTest(SuiteRunner.java:377)
	at org.testng.SuiteRunner.runSequentially(SuiteRunner.java:371)
	at org.testng.SuiteRunner.privateRun(SuiteRunner.java:332)
	at org.testng.SuiteRunner.run(SuiteRunner.java:276)
	at org.testng.SuiteRunnerWorker.runSuite(SuiteRunnerWorker.java:53)
	at org.testng.SuiteRunnerWorker.run(SuiteRunnerWorker.java:96)
	at org.testng.TestNG.runSuitesSequentially(TestNG.java:1212)
	at org.testng.TestNG.runSuitesLocally(TestNG.java:1134)
	at org.testng.TestNG.runSuites(TestNG.java:1063)
	at org.testng.TestNG.run(TestNG.java:1031)
	at org.testng.remote.AbstractRemoteTestNG.run(AbstractRemoteTestNG.java:115)
	at org.testng.remote.RemoteTestNG.initAndRun(RemoteTestNG.java:251)
	at org.testng.remote.RemoteTestNG.main(RemoteTestNG.java:77)
Caused by: org.openqa.selenium.NoSuchElementException: no such element: Unable to locate element: {&quot;method&quot;:&quot;xpath&quot;,&quot;selector&quot;:&quot;//span[@class=&apos;totalCount&apos;]&quot;}
  (Session info: chrome=101.0.4951.54)
For documentation on this error, please visit: https://www.seleniumhq.org/exceptions/no_such_element.html
Build info: version: &apos;3.141.59&apos;, revision: &apos;e82be7d358&apos;, time: &apos;2018-11-14T08:17:03&apos;
System info: host: &apos;IND_PSHARMA&apos;, ip: &apos;192.168.1.47&apos;, os.name: &apos;Windows 10&apos;, os.arch: &apos;amd64&apos;, os.version: &apos;10.0&apos;, java.version: &apos;16.0.2&apos;
Driver info: org.openqa.selenium.chrome.ChromeDriver
Capabilities {acceptInsecureCerts: false, browserName: chrome, browserVersion: 101.0.4951.54, chrome: {chromedriverVersion: 101.0.4951.41 (93c720db8323..., userDataDir: C:\Users\praveen\AppData\Lo...}, goog:chromeOptions: {debuggerAddress: localhost:51455}, javascriptEnabled: true, networkConnectionEnabled: false, pageLoadStrategy: normal, platform: WINDOWS, platformName: WINDOWS, proxy: Proxy(), setWindowRect: true, strictFileInteractability: false, timeouts: {implicit: 0, pageLoad: 300000, script: 30000}, unhandledPromptBehavior: dismiss and notify, webauthn:extension:credBlob: true, webauthn:extension:largeBlob: true, webauthn:virtualAuthenticators: true}
Session ID: 09d71710413b98cb6141b543b7cdf792
*** Element info: {Using=xpath, value=//span[@class=&apos;totalCount&apos;]}
	at jdk.internal.reflect.GeneratedConstructorAccessor26.newInstance(Unknown Source)
	at java.base/jdk.internal.reflect.DelegatingConstructorAccessorImpl.newInstance(DelegatingConstructorAccessorImpl.java:45)
	at java.base/java.lang.reflect.Constructor.newInstanceWithCaller(Constructor.java:499)
	at java.base/java.lang.reflect.Constructor.newInstance(Constructor.java:480)
	at org.openqa.selenium.remote.http.W3CHttpResponseCodec.createException(W3CHttpResponseCodec.java:187)
	at org.openqa.selenium.remote.http.W3CHttpResponseCodec.decode(W3CHttpResponseCodec.java:122)
	at org.openqa.selenium.remote.http.W3CHttpResponseCodec.decode(W3CHttpResponseCodec.java:49)
	at org.openqa.selenium.remote.HttpCommandExecutor.execute(HttpCommandExecutor.java:158)
	at org.openqa.selenium.remote.service.DriverCommandExecutor.execute(DriverCommandExecutor.java:83)
	at org.openqa.selenium.remote.RemoteWebDriver.execute(RemoteWebDriver.java:552)
	at org.openqa.selenium.remote.RemoteWebDriver.findElement(RemoteWebDriver.java:323)
	at org.openqa.selenium.remote.RemoteWebDriver.findElementByXPath(RemoteWebDriver.java:428)
	at org.openqa.selenium.By$ByXPath.findElement(By.java:353)
	at org.openqa.selenium.remote.RemoteWebDriver.findElement(RemoteWebDriver.java:315)
	at org.openqa.selenium.support.pagefactory.DefaultElementLocator.findElement(DefaultElementLocator.java:69)
	at org.openqa.selenium.support.pagefactory.internal.LocatingElementHandler.invoke(LocatingElementHandler.java:38)
	at jdk.proxy2/jdk.proxy2.$Proxy18.getText(Unknown Source)
	at org.openqa.selenium.support.ui.ExpectedConditions$12.apply(ExpectedConditions.java:353)
	at org.openqa.selenium.support.ui.ExpectedConditions$12.apply(ExpectedConditions.java:349)
	at org.openqa.selenium.support.ui.FluentWait.until(FluentWait.java:249)
	... 32 more
</pre></div><a href='#' onClick='toggleBox("stack-trace208184824", this, "Click to show all stack frames", "Click to hide stack frames")'>Click to show all stack frames</a>
<div class='stack-trace' id='stack-trace208184824'><pre>org.openqa.selenium.TimeoutException: Expected condition failed: waiting for text (&apos;50 records found&apos;) to be present in element Proxy element for: DefaultElementLocator &apos;By.xpath: //span[@class=&apos;totalCount&apos;]&apos; (tried for 30 second(s) with 500 milliseconds interval)
	at org.openqa.selenium.support.ui.WebDriverWait.timeoutException(WebDriverWait.java:95)
	at org.openqa.selenium.support.ui.FluentWait.until(FluentWait.java:272)
	at com.supplycopia.capabilities.UICapability.ui_isElementContainsText(UICapability.java:523)
	at com.supplycopia.base.Capability.ui_isElementContainsText(Capability.java:439)
	at com.supplycopia.workbench.pages.BulkUpload.checktotalRecordsOnReviewAndEdit(BulkUpload.java:318)
	at com.supplycopia.bulkupload.dataattribute.ProductPricesValidationErrorCurrectToFly.ProductPriceValidationErrorCurrectToFlyTest(ProductPricesValidationErrorCurrectToFly.java:47)
	at java.base/jdk.internal.reflect.NativeMethodAccessorImpl.invoke0(Native Method)
	at java.base/jdk.internal.reflect.NativeMethodAccessorImpl.invoke(NativeMethodAccessorImpl.java:78)
	at java.base/jdk.internal.reflect.DelegatingMethodAccessorImpl.invoke(DelegatingMethodAccessorImpl.java:43)
	at java.base/java.lang.reflect.Method.invoke(Method.java:567)
	at org.testng.internal.MethodInvocationHelper.invokeMethod(MethodInvocationHelper.java:133)
	at org.testng.internal.TestInvoker.invokeMethod(TestInvoker.java:598)
	at org.testng.internal.TestInvoker.invokeTestMethod(TestInvoker.java:173)
	at org.testng.internal.MethodRunner.runInSequence(MethodRunner.java:46)
	at org.testng.internal.TestInvoker$MethodInvocationAgent.invoke(TestInvoker.java:824)
	at org.testng.internal.TestInvoker.invokeTestMethods(TestInvoker.java:146)
	at org.testng.internal.TestMethodWorker.invokeTestMethods(TestMethodWorker.java:146)
	at org.testng.internal.TestMethodWorker.run(TestMethodWorker.java:128)
	at java.base/java.util.ArrayList.forEach(ArrayList.java:1511)
	at org.testng.TestRunner.privateRun(TestRunner.java:794)
	at org.testng.TestRunner.run(TestRunner.java:596)
	at org.testng.SuiteRunner.runTest(SuiteRunner.java:377)
	at org.testng.SuiteRunner.runSequentially(SuiteRunner.java:371)
	at org.testng.SuiteRunner.privateRun(SuiteRunner.java:332)
	at org.testng.SuiteRunner.run(SuiteRunner.java:276)
	at org.testng.SuiteRunnerWorker.runSuite(SuiteRunnerWorker.java:53)
	at org.testng.SuiteRunnerWorker.run(SuiteRunnerWorker.java:96)
	at org.testng.TestNG.runSuitesSequentially(TestNG.java:1212)
	at org.testng.TestNG.runSuitesLocally(TestNG.java:1134)
	at org.testng.TestNG.runSuites(TestNG.java:1063)
	at org.testng.TestNG.run(TestNG.java:1031)
	at org.testng.remote.AbstractRemoteTestNG.run(AbstractRemoteTestNG.java:115)
	at org.testng.remote.RemoteTestNG.initAndRun(RemoteTestNG.java:251)
	at org.testng.remote.RemoteTestNG.main(RemoteTestNG.java:77)
Caused by: org.openqa.selenium.NoSuchElementException: no such element: Unable to locate element: {&quot;method&quot;:&quot;xpath&quot;,&quot;selector&quot;:&quot;//span[@class=&apos;totalCount&apos;]&quot;}
  (Session info: chrome=101.0.4951.54)
For documentation on this error, please visit: https://www.seleniumhq.org/exceptions/no_such_element.html
Build info: version: &apos;3.141.59&apos;, revision: &apos;e82be7d358&apos;, time: &apos;2018-11-14T08:17:03&apos;
System info: host: &apos;IND_PSHARMA&apos;, ip: &apos;192.168.1.47&apos;, os.name: &apos;Windows 10&apos;, os.arch: &apos;amd64&apos;, os.version: &apos;10.0&apos;, java.version: &apos;16.0.2&apos;
Driver info: org.openqa.selenium.chrome.ChromeDriver
Capabilities {acceptInsecureCerts: false, browserName: chrome, browserVersion: 101.0.4951.54, chrome: {chromedriverVersion: 101.0.4951.41 (93c720db8323..., userDataDir: C:\Users\praveen\AppData\Lo...}, goog:chromeOptions: {debuggerAddress: localhost:51455}, javascriptEnabled: true, networkConnectionEnabled: false, pageLoadStrategy: normal, platform: WINDOWS, platformName: WINDOWS, proxy: Proxy(), setWindowRect: true, strictFileInteractability: false, timeouts: {implicit: 0, pageLoad: 300000, script: 30000}, unhandledPromptBehavior: dismiss and notify, webauthn:extension:credBlob: true, webauthn:extension:largeBlob: true, webauthn:virtualAuthenticators: true}
Session ID: 09d71710413b98cb6141b543b7cdf792
*** Element info: {Using=xpath, value=//span[@class=&apos;totalCount&apos;]}
	at jdk.internal.reflect.GeneratedConstructorAccessor26.newInstance(Unknown Source)
	at java.base/jdk.internal.reflect.DelegatingConstructorAccessorImpl.newInstance(DelegatingConstructorAccessorImpl.java:45)
	at java.base/java.lang.reflect.Constructor.newInstanceWithCaller(Constructor.java:499)
	at java.base/java.lang.reflect.Constructor.newInstance(Constructor.java:480)
	at org.openqa.selenium.remote.http.W3CHttpResponseCodec.createException(W3CHttpResponseCodec.java:187)
	at org.openqa.selenium.remote.http.W3CHttpResponseCodec.decode(W3CHttpResponseCodec.java:122)
	at org.openqa.selenium.remote.http.W3CHttpResponseCodec.decode(W3CHttpResponseCodec.java:49)
	at org.openqa.selenium.remote.HttpCommandExecutor.execute(HttpCommandExecutor.java:158)
	at org.openqa.selenium.remote.service.DriverCommandExecutor.execute(DriverCommandExecutor.java:83)
	at org.openqa.selenium.remote.RemoteWebDriver.execute(RemoteWebDriver.java:552)
	at org.openqa.selenium.remote.RemoteWebDriver.findElement(RemoteWebDriver.java:323)
	at org.openqa.selenium.remote.RemoteWebDriver.findElementByXPath(RemoteWebDriver.java:428)
	at org.openqa.selenium.By$ByXPath.findElement(By.java:353)
	at org.openqa.selenium.remote.RemoteWebDriver.findElement(RemoteWebDriver.java:315)
	at org.openqa.selenium.support.pagefactory.DefaultElementLocator.findElement(DefaultElementLocator.java:69)
	at org.openqa.selenium.support.pagefactory.internal.LocatingElementHandler.invoke(LocatingElementHandler.java:38)
	at jdk.proxy2/jdk.proxy2.$Proxy18.getText(Unknown Source)
	at org.openqa.selenium.support.ui.ExpectedConditions$12.apply(ExpectedConditions.java:353)
	at org.openqa.selenium.support.ui.ExpectedConditions$12.apply(ExpectedConditions.java:349)
	at org.openqa.selenium.support.ui.FluentWait.until(FluentWait.java:249)
	... 32 more
</pre></div></td>
<td>95</td>
<td>com.supplycopia.bulkupload.dataattribute.ProductPricesValidationErrorCurrectToFly@5c6648b0</td></tr>
</table><p>
</body>
</html>