<?xml version="1.0" encoding="UTF-8"?>
<!-- Generated by org.testng.reporters.JUnitXMLReporter -->
<testsuite ignored="0" hostname="SCIN_SMEHTA" failures="1" tests="8" name="testname" time="401.037" errors="0" timestamp="2022-02-11T13:57:41 IST">
  <testcase classname="com.supplycopia.bulkupload.dataattribute.CategoryMaster" name="CategoryMasterTest" time="43.905"/>
  <testcase classname="com.supplycopia.bulkupload.dataattribute.ContractSupplierMaster" name="ContractSupplierMasterTest" time="42.657"/>
  <testcase classname="com.supplycopia.bulkupload.dataattribute.CountryAccountMaster" name="CountryAccountMasterTest" time="44.491"/>
  <testcase classname="com.supplycopia.bulkupload.dataattribute.ProductAttributes" name="ProductAttributeTest" time="61.221">
    <failure type="org.openqa.selenium.TimeoutException" message="Expected condition failed: waiting for presence of element located by: By.xpath: //div[@id=&amp;apos;cdk-drop-list-1&amp;apos;]//span[normalize-space(text())=&amp;apos;Product Description&amp;apos;]/parent::div (tried for 30 second(s) with 500 milliseconds interval)">
      <![CDATA[org.openqa.selenium.TimeoutException: Expected condition failed: waiting for presence of element located by: By.xpath: //div[@id='cdk-drop-list-1']//span[normalize-space(text())='Product Description']/parent::div (tried for 30 second(s) with 500 milliseconds interval)
at org.openqa.selenium.support.ui.WebDriverWait.timeoutException(WebDriverWait.java:95)
at org.openqa.selenium.support.ui.FluentWait.until(FluentWait.java:272)
at com.supplycopia.capabilities.UICapability.ui_getElementWithXpath(UICapability.java:411)
at com.supplycopia.base.Capability.ui_getElementWithXpath(Capability.java:432)
at com.supplycopia.workbench.pages.BulkUpload.dragHeaderWithName(BulkUpload.java:139)
at com.supplycopia.bulkupload.dataattribute.ProductAttributes.ProductAttributeTest(ProductAttributes.java:34)
at java.base/java.util.ArrayList.forEach(ArrayList.java:1541)
Caused by: org.openqa.selenium.NoSuchElementException: no such element: Unable to locate element: {"method":"xpath","selector":"//div[@id='cdk-drop-list-1']//span[normalize-space(text())='Product Description']/parent::div"}
  (Session info: chrome=98.0.4758.82)
For documentation on this error, please visit: https://www.seleniumhq.org/exceptions/no_such_element.html
Build info: version: '3.141.59', revision: 'e82be7d358', time: '2018-11-14T08:17:03'
System info: host: 'SCIN_SMEHTA', ip: '192.168.29.220', os.name: 'Windows 10', os.arch: 'amd64', os.version: '10.0', java.version: '11.0.13'
Driver info: org.openqa.selenium.chrome.ChromeDriver
Capabilities {acceptInsecureCerts: false, browserName: chrome, browserVersion: 98.0.4758.82, chrome: {chromedriverVersion: 98.0.4758.80 (7f0488e8ba0d8..., userDataDir: C:\Users\smehta\AppData\Loc...}, goog:chromeOptions: {debuggerAddress: localhost:61800}, javascriptEnabled: true, networkConnectionEnabled: false, pageLoadStrategy: normal, platform: WINDOWS, platformName: WINDOWS, proxy: Proxy(), setWindowRect: true, strictFileInteractability: false, timeouts: {implicit: 0, pageLoad: 300000, script: 30000}, unhandledPromptBehavior: dismiss and notify, webauthn:extension:credBlob: true, webauthn:extension:largeBlob: true, webauthn:virtualAuthenticators: true}
Session ID: 475cdd94b2dff5731c372ea9288220db
*** Element info: {Using=xpath, value=//div[@id='cdk-drop-list-1']//span[normalize-space(text())='Product Description']/parent::div}
at org.openqa.selenium.remote.http.W3CHttpResponseCodec.createException(W3CHttpResponseCodec.java:187)
at org.openqa.selenium.remote.http.W3CHttpResponseCodec.decode(W3CHttpResponseCodec.java:122)
at org.openqa.selenium.remote.http.W3CHttpResponseCodec.decode(W3CHttpResponseCodec.java:49)
at org.openqa.selenium.remote.HttpCommandExecutor.execute(HttpCommandExecutor.java:158)
at org.openqa.selenium.remote.service.DriverCommandExecutor.execute(DriverCommandExecutor.java:83)
at org.openqa.selenium.remote.RemoteWebDriver.execute(RemoteWebDriver.java:552)
at org.openqa.selenium.remote.RemoteWebDriver.findElement(RemoteWebDriver.java:323)
at org.openqa.selenium.remote.RemoteWebDriver.findElementByXPath(RemoteWebDriver.java:428)
at org.openqa.selenium.By$ByXPath.findElement(By.java:353)
at org.openqa.selenium.remote.RemoteWebDriver.findElement(RemoteWebDriver.java:315)
at org.openqa.selenium.support.ui.ExpectedConditions$6.apply(ExpectedConditions.java:182)
at org.openqa.selenium.support.ui.ExpectedConditions$6.apply(ExpectedConditions.java:179)
at org.openqa.selenium.support.ui.FluentWait.until(FluentWait.java:249)
... 32 more
... Removed 30 stack frames]]>
    </failure>
  </testcase> <!-- ProductAttributeTest -->
  <testcase classname="com.supplycopia.bulkupload.dataattribute.ProductCategoryMapping" name="ProductCategoryMappingTest" time="45.439"/>
  <testcase classname="com.supplycopia.bulkupload.dataattribute.ProductDocuments" name="ProductsDocumentTest" time="46.452"/>
  <testcase classname="com.supplycopia.bulkupload.dataattribute.ProductManufacturerMapping" name="ProductManufacturerMappingTest" time="41.716"/>
  <testcase classname="com.supplycopia.bulkupload.dataattribute.ProductPrices" name="ProductPriceTest" time="65.12"/>
</testsuite> <!-- testname -->
